<?xml version="1.0" encoding="UTF-8"?>
<!-- Generated by org.testng.reporters.JUnitXMLReporter -->
<testsuite hostname="Lenovo" ignored="0" name="Command line test" tests="6" failures="0" timestamp="09 Jun 2019 01:29:02 GMT" time="73.01" errors="0">
  <testcase name="verifyHomePageTitleTest" time="0.01" classname="com.pilotproject.testcases.HomePageTest"/>
  <testcase name="loginTest" time="1.608" classname="com.pilotproject.testcases.LoginPageTest"/>
  <testcase name="validatecreateNewCustomer" time="1.966" classname="com.pilotproject.testcases.NewCustomerPageTest"/>
  <testcase name="validatecreateNewCustomer" time="2.423" classname="com.pilotproject.testcases.NewCustomerPageTest"/>
  <testcase name="verifyContactsLinkTest" time="0.969" classname="com.pilotproject.testcases.HomePageTest"/>
  <testcase name="loginPageTitleTest" time="0.01" classname="com.pilotproject.testcases.LoginPageTest"/>
</testsuite> <!-- Command line test -->
