<?xml version="1.0" encoding="UTF-8"?>
<testng-results skipped="0" failed="0" ignored="0" total="6" passed="6">
  <reporter-output>
  </reporter-output>
  <suite name="Command line suite" duration-ms="73010" started-at="2019-06-09T01:27:49Z" finished-at="2019-06-09T01:29:02Z">
    <groups>
    </groups>
    <test name="Command line test" duration-ms="73010" started-at="2019-06-09T01:27:49Z" finished-at="2019-06-09T01:29:02Z">
      <class name="com.pilotproject.testcases.LoginPageTest">
        <test-method status="PASS" signature="setUp()[pri:0, instance:com.pilotproject.testcases.LoginPageTest@2ed94a8b]" name="setUp" is-config="true" duration-ms="5890" started-at="2019-06-08T18:28:03Z" finished-at="2019-06-08T18:28:09Z">
          <reporter-output>
          </reporter-output>
        </test-method> <!-- setUp -->
        <test-method status="PASS" signature="loginTest()[pri:1, instance:com.pilotproject.testcases.LoginPageTest@2ed94a8b]" name="loginTest" duration-ms="1608" started-at="2019-06-08T18:28:09Z" finished-at="2019-06-08T18:28:10Z">
          <reporter-output>
          </reporter-output>
        </test-method> <!-- loginTest -->
        <test-method status="PASS" signature="tearDown()[pri:0, instance:com.pilotproject.testcases.LoginPageTest@2ed94a8b]" name="tearDown" is-config="true" duration-ms="918" started-at="2019-06-08T18:28:10Z" finished-at="2019-06-08T18:28:11Z">
          <reporter-output>
          </reporter-output>
        </test-method> <!-- tearDown -->
        <test-method status="PASS" signature="setUp()[pri:0, instance:com.pilotproject.testcases.LoginPageTest@2ed94a8b]" name="setUp" is-config="true" duration-ms="6520" started-at="2019-06-08T18:28:54Z" finished-at="2019-06-08T18:29:01Z">
          <reporter-output>
          </reporter-output>
        </test-method> <!-- setUp -->
        <test-method status="PASS" signature="loginPageTitleTest()[pri:2, instance:com.pilotproject.testcases.LoginPageTest@2ed94a8b]" name="loginPageTitleTest" duration-ms="10" started-at="2019-06-08T18:29:01Z" finished-at="2019-06-08T18:29:01Z">
          <reporter-output>
          </reporter-output>
        </test-method> <!-- loginPageTitleTest -->
        <test-method status="PASS" signature="tearDown()[pri:0, instance:com.pilotproject.testcases.LoginPageTest@2ed94a8b]" name="tearDown" is-config="true" duration-ms="778" started-at="2019-06-08T18:29:01Z" finished-at="2019-06-08T18:29:02Z">
          <reporter-output>
          </reporter-output>
        </test-method> <!-- tearDown -->
      </class> <!-- com.pilotproject.testcases.LoginPageTest -->
      <class name="com.pilotproject.testcases.NewCustomerPageTest">
        <test-method status="PASS" signature="setUp()[pri:0, instance:com.pilotproject.testcases.NewCustomerPageTest@38082d64]" name="setUp" is-config="true" duration-ms="16101" started-at="2019-06-08T18:28:12Z" finished-at="2019-06-08T18:28:29Z">
          <reporter-output>
          </reporter-output>
        </test-method> <!-- setUp -->
        <test-method status="PASS" signature="validatecreateNewCustomer(java.lang.String, java.lang.String, java.lang.String, java.lang.String, java.lang.String, java.lang.String, java.lang.String, java.lang.String, java.lang.String)[pri:1, instance:com.pilotproject.testcases.NewCustomerPageTest@38082d64]" name="validatecreateNewCustomer" duration-ms="1966" started-at="2019-06-08T18:28:29Z" data-provider="getGuruTestData" finished-at="2019-06-08T18:28:30Z">
          <params>
            <param index="0">
              <value>
                <![CDATA[guruDemoSite]]>
              </value>
            </param>
            <param index="1">
              <value>
                <![CDATA[05-May-2005]]>
              </value>
            </param>
            <param index="2">
              <value>
                <![CDATA[711shellblvd]]>
              </value>
            </param>
            <param index="3">
              <value>
                <![CDATA[SanMateo]]>
              </value>
            </param>
            <param index="4">
              <value>
                <![CDATA[FosterCity]]>
              </value>
            </param>
            <param index="5">
              <value>
                <![CDATA[944045.0]]>
              </value>
            </param>
            <param index="6">
              <value>
                <![CDATA[9.87654321E8]]>
              </value>
            </param>
            <param index="7">
              <value>
                <![CDATA[guru99@gmail.com]]>
              </value>
            </param>
            <param index="8">
              <value>
                <![CDATA[3303.0]]>
              </value>
            </param>
          </params>
          <reporter-output>
          </reporter-output>
        </test-method> <!-- validatecreateNewCustomer -->
        <test-method status="PASS" signature="tearDown()[pri:0, instance:com.pilotproject.testcases.NewCustomerPageTest@38082d64]" name="tearDown" is-config="true" duration-ms="756" started-at="2019-06-08T18:28:30Z" finished-at="2019-06-08T18:28:31Z">
          <reporter-output>
          </reporter-output>
        </test-method> <!-- tearDown -->
        <test-method status="PASS" signature="setUp()[pri:0, instance:com.pilotproject.testcases.NewCustomerPageTest@38082d64]" name="setUp" is-config="true" duration-ms="9147" started-at="2019-06-08T18:28:31Z" finished-at="2019-06-08T18:28:40Z">
          <reporter-output>
          </reporter-output>
        </test-method> <!-- setUp -->
        <test-method status="PASS" signature="validatecreateNewCustomer(java.lang.String, java.lang.String, java.lang.String, java.lang.String, java.lang.String, java.lang.String, java.lang.String, java.lang.String, java.lang.String)[pri:1, instance:com.pilotproject.testcases.NewCustomerPageTest@38082d64]" name="validatecreateNewCustomer" duration-ms="2423" started-at="2019-06-08T18:28:40Z" data-provider="getGuruTestData" finished-at="2019-06-08T18:28:43Z">
          <params>
            <param index="0">
              <value>
                <![CDATA[guruDemoSite1]]>
              </value>
            </param>
            <param index="1">
              <value>
                <![CDATA[06-May-2005]]>
              </value>
            </param>
            <param index="2">
              <value>
                <![CDATA[711shellblvd]]>
              </value>
            </param>
            <param index="3">
              <value>
                <![CDATA[SanMateo]]>
              </value>
            </param>
            <param index="4">
              <value>
                <![CDATA[FosterCity]]>
              </value>
            </param>
            <param index="5">
              <value>
                <![CDATA[944045.0]]>
              </value>
            </param>
            <param index="6">
              <value>
                <![CDATA[9.87654321E8]]>
              </value>
            </param>
            <param index="7">
              <value>
                <![CDATA[guru991@gmail.com]]>
              </value>
            </param>
            <param index="8">
              <value>
                <![CDATA[3203.0]]>
              </value>
            </param>
          </params>
          <reporter-output>
          </reporter-output>
        </test-method> <!-- validatecreateNewCustomer -->
        <test-method status="PASS" signature="tearDown()[pri:0, instance:com.pilotproject.testcases.NewCustomerPageTest@38082d64]" name="tearDown" is-config="true" duration-ms="863" started-at="2019-06-08T18:28:43Z" finished-at="2019-06-08T18:28:44Z">
          <reporter-output>
          </reporter-output>
        </test-method> <!-- tearDown -->
      </class> <!-- com.pilotproject.testcases.NewCustomerPageTest -->
      <class name="com.pilotproject.testcases.HomePageTest">
        <test-method status="PASS" signature="setUp()[pri:0, instance:com.pilotproject.testcases.HomePageTest@73f792cf]" name="setUp" is-config="true" duration-ms="13355" started-at="2019-06-08T18:27:49Z" finished-at="2019-06-08T18:28:02Z">
          <reporter-output>
          </reporter-output>
        </test-method> <!-- setUp -->
        <test-method status="PASS" signature="verifyHomePageTitleTest()[pri:1, instance:com.pilotproject.testcases.HomePageTest@73f792cf]" name="verifyHomePageTitleTest" duration-ms="10" started-at="2019-06-08T18:28:02Z" finished-at="2019-06-08T18:28:02Z">
          <reporter-output>
          </reporter-output>
        </test-method> <!-- verifyHomePageTitleTest -->
        <test-method status="PASS" signature="tearDown()[pri:0, instance:com.pilotproject.testcases.HomePageTest@73f792cf]" name="tearDown" is-config="true" duration-ms="737" started-at="2019-06-08T18:28:02Z" finished-at="2019-06-08T18:28:03Z">
          <reporter-output>
          </reporter-output>
        </test-method> <!-- tearDown -->
        <test-method status="PASS" signature="setUp()[pri:0, instance:com.pilotproject.testcases.HomePageTest@73f792cf]" name="setUp" is-config="true" duration-ms="8898" started-at="2019-06-08T18:28:44Z" finished-at="2019-06-08T18:28:53Z">
          <reporter-output>
          </reporter-output>
        </test-method> <!-- setUp -->
        <test-method status="PASS" signature="verifyContactsLinkTest()[pri:2, instance:com.pilotproject.testcases.HomePageTest@73f792cf]" name="verifyContactsLinkTest" duration-ms="969" started-at="2019-06-08T18:28:53Z" finished-at="2019-06-08T18:28:54Z">
          <reporter-output>
          </reporter-output>
        </test-method> <!-- verifyContactsLinkTest -->
        <test-method status="PASS" signature="tearDown()[pri:0, instance:com.pilotproject.testcases.HomePageTest@73f792cf]" name="tearDown" is-config="true" duration-ms="886" started-at="2019-06-08T18:28:54Z" finished-at="2019-06-08T18:28:54Z">
          <reporter-output>
          </reporter-output>
        </test-method> <!-- tearDown -->
      </class> <!-- com.pilotproject.testcases.HomePageTest -->
    </test> <!-- Command line test -->
  </suite> <!-- Command line suite -->
</testng-results>
